<?xml version="1.0" encoding="UTF-8"?>
<testsuite name="com.example.mabayaonlinesponsoredads.MabayaOnlineSponsoredAdsApplicationTests" tests="1" skipped="0" failures="0" errors="0" timestamp="2023-08-16T06:39:00" hostname="DESKTOP-J2JTSSE" time="1.301">
  <properties/>
  <testcase name="contextLoads()" classname="com.example.mabayaonlinesponsoredads.MabayaOnlineSponsoredAdsApplicationTests" time="1.301"/>
  <system-out><![CDATA[09:38:49.306 [Test worker] INFO org.springframework.test.context.support.AnnotationConfigContextLoaderUtils -- Could not detect default configuration classes for test class [com.example.mabayaonlinesponsoredads.MabayaOnlineSponsoredAdsApplicationTests]: MabayaOnlineSponsoredAdsApplicationTests does not declare any static, non-private, non-final, nested classes annotated with @Configuration.
09:38:49.551 [Test worker] INFO org.springframework.boot.test.context.SpringBootTestContextBootstrapper -- Found @SpringBootConfiguration com.example.mabayaonlinesponsoredads.MabayaOnlineSponsoredAdsApplication for test class com.example.mabayaonlinesponsoredads.MabayaOnlineSponsoredAdsApplicationTests

  .   ____          _            __ _ _
 /\\ / ___'_ __ _ _(_)_ __  __ _ \ \ \ \
( ( )\___ | '_ | '_| | '_ \/ _` | \ \ \ \
 \\/  ___)| |_)| | | | | || (_| |  ) ) ) )
  '  |____| .__|_| |_|_| |_\__, | / / / /
 =========|_|==============|___/=/_/_/_/
 :: Spring Boot ::                (v3.1.2)

2023-08-16T09:38:50.505+03:00  INFO 28296 --- [    Test worker] MabayaOnlineSponsoredAdsApplicationTests : Starting MabayaOnlineSponsoredAdsApplicationTests using Java 19.0.1 with PID 28296 (started by User in C:\Users\User\Documents\MabayaOnlineSponsoredAds)
2023-08-16T09:38:50.508+03:00  INFO 28296 --- [    Test worker] MabayaOnlineSponsoredAdsApplicationTests : No active profile set, falling back to 1 default profile: "default"
2023-08-16T09:38:52.064+03:00  INFO 28296 --- [    Test worker] .s.d.r.c.RepositoryConfigurationDelegate : Bootstrapping Spring Data JPA repositories in DEFAULT mode.
2023-08-16T09:38:52.231+03:00  INFO 28296 --- [    Test worker] .s.d.r.c.RepositoryConfigurationDelegate : Finished Spring Data repository scanning in 142 ms. Found 3 JPA repository interfaces.
2023-08-16T09:38:53.251+03:00  INFO 28296 --- [    Test worker] o.hibernate.jpa.internal.util.LogHelper  : HHH000204: Processing PersistenceUnitInfo [name: default]
2023-08-16T09:38:53.404+03:00  INFO 28296 --- [    Test worker] org.hibernate.Version                    : HHH000412: Hibernate ORM core version 6.2.6.Final
2023-08-16T09:38:53.409+03:00  INFO 28296 --- [    Test worker] org.hibernate.cfg.Environment            : HHH000406: Using bytecode reflection optimizer
2023-08-16T09:38:53.814+03:00  INFO 28296 --- [    Test worker] o.h.b.i.BytecodeProviderInitiator        : HHH000021: Bytecode provider name : bytebuddy
2023-08-16T09:38:54.126+03:00  INFO 28296 --- [    Test worker] o.s.o.j.p.SpringPersistenceUnitInfo      : No LoadTimeWeaver setup: ignoring JPA class transformer
2023-08-16T09:38:54.167+03:00  INFO 28296 --- [    Test worker] com.zaxxer.hikari.HikariDataSource       : HikariPool-1 - Starting...
2023-08-16T09:38:54.647+03:00  INFO 28296 --- [    Test worker] com.zaxxer.hikari.pool.HikariPool        : HikariPool-1 - Added connection org.postgresql.jdbc.PgConnection@35e2b89f
2023-08-16T09:38:54.650+03:00  INFO 28296 --- [    Test worker] com.zaxxer.hikari.HikariDataSource       : HikariPool-1 - Start completed.
2023-08-16T09:38:55.473+03:00  INFO 28296 --- [    Test worker] o.h.b.i.BytecodeProviderInitiator        : HHH000021: Bytecode provider name : bytebuddy
2023-08-16T09:38:57.096+03:00  INFO 28296 --- [    Test worker] o.h.e.t.j.p.i.JtaPlatformInitiator       : HHH000490: Using JtaPlatform implementation: [org.hibernate.engine.transaction.jta.platform.internal.NoJtaPlatform]
2023-08-16T09:38:57.307+03:00  INFO 28296 --- [    Test worker] j.LocalContainerEntityManagerFactoryBean : Initialized JPA EntityManagerFactory for persistence unit 'default'
2023-08-16T09:38:58.134+03:00  INFO 28296 --- [    Test worker] o.s.d.j.r.query.QueryEnhancerFactory     : Hibernate is in classpath; If applicable, HQL parser will be used.
2023-08-16T09:38:59.304+03:00  WARN 28296 --- [    Test worker] JpaBaseConfiguration$JpaWebConfiguration : spring.jpa.open-in-view is enabled by default. Therefore, database queries may be performed during view rendering. Explicitly configure spring.jpa.open-in-view to disable this warning
2023-08-16T09:39:00.054+03:00  INFO 28296 --- [    Test worker] MabayaOnlineSponsoredAdsApplicationTests : Started MabayaOnlineSponsoredAdsApplicationTests in 10.152 seconds (process running for 13.526)
]]></system-out>
  <system-err><![CDATA[]]></system-err>
</testsuite>
