<?xml version="1.0" encoding="UTF-8"?>
<testsuite name="com.example.mabayaonlinesponsoredads.MabayaOnlineSponsoredAdsApplicationTests" tests="1" skipped="0" failures="0" errors="0" timestamp="2023-08-15T22:02:04" hostname="DESKTOP-J2JTSSE" time="0.989">
  <properties/>
  <testcase name="contextLoads()" classname="com.example.mabayaonlinesponsoredads.MabayaOnlineSponsoredAdsApplicationTests" time="0.989"/>
  <system-out><![CDATA[01:01:55.629 [Test worker] INFO org.springframework.test.context.support.AnnotationConfigContextLoaderUtils -- Could not detect default configuration classes for test class [com.example.mabayaonlinesponsoredads.MabayaOnlineSponsoredAdsApplicationTests]: MabayaOnlineSponsoredAdsApplicationTests does not declare any static, non-private, non-final, nested classes annotated with @Configuration.
01:01:55.859 [Test worker] INFO org.springframework.boot.test.context.SpringBootTestContextBootstrapper -- Found @SpringBootConfiguration com.example.mabayaonlinesponsoredads.MabayaOnlineSponsoredAdsApplication for test class com.example.mabayaonlinesponsoredads.MabayaOnlineSponsoredAdsApplicationTests

  .   ____          _            __ _ _
 /\\ / ___'_ __ _ _(_)_ __  __ _ \ \ \ \
( ( )\___ | '_ | '_| | '_ \/ _` | \ \ \ \
 \\/  ___)| |_)| | | | | || (_| |  ) ) ) )
  '  |____| .__|_| |_|_| |_\__, | / / / /
 =========|_|==============|___/=/_/_/_/
 :: Spring Boot ::                (v3.1.2)

2023-08-16T01:01:56.647+03:00  INFO 24172 --- [    Test worker] MabayaOnlineSponsoredAdsApplicationTests : Starting MabayaOnlineSponsoredAdsApplicationTests using Java 19.0.1 with PID 24172 (started by User in C:\Users\User\Documents\MabayaOnlineSponsoredAds)
2023-08-16T01:01:56.651+03:00  INFO 24172 --- [    Test worker] MabayaOnlineSponsoredAdsApplicationTests : No active profile set, falling back to 1 default profile: "default"
2023-08-16T01:01:57.909+03:00  INFO 24172 --- [    Test worker] .s.d.r.c.RepositoryConfigurationDelegate : Bootstrapping Spring Data JPA repositories in DEFAULT mode.
2023-08-16T01:01:58.089+03:00  INFO 24172 --- [    Test worker] .s.d.r.c.RepositoryConfigurationDelegate : Finished Spring Data repository scanning in 157 ms. Found 3 JPA repository interfaces.
2023-08-16T01:01:58.979+03:00  INFO 24172 --- [    Test worker] o.hibernate.jpa.internal.util.LogHelper  : HHH000204: Processing PersistenceUnitInfo [name: default]
2023-08-16T01:01:59.091+03:00  INFO 24172 --- [    Test worker] org.hibernate.Version                    : HHH000412: Hibernate ORM core version 6.2.6.Final
2023-08-16T01:01:59.096+03:00  INFO 24172 --- [    Test worker] org.hibernate.cfg.Environment            : HHH000406: Using bytecode reflection optimizer
2023-08-16T01:01:59.371+03:00  INFO 24172 --- [    Test worker] o.h.b.i.BytecodeProviderInitiator        : HHH000021: Bytecode provider name : bytebuddy
2023-08-16T01:01:59.611+03:00  INFO 24172 --- [    Test worker] o.s.o.j.p.SpringPersistenceUnitInfo      : No LoadTimeWeaver setup: ignoring JPA class transformer
2023-08-16T01:01:59.642+03:00  INFO 24172 --- [    Test worker] com.zaxxer.hikari.HikariDataSource       : HikariPool-1 - Starting...
2023-08-16T01:02:00.061+03:00  INFO 24172 --- [    Test worker] com.zaxxer.hikari.pool.HikariPool        : HikariPool-1 - Added connection org.postgresql.jdbc.PgConnection@61808ecd
2023-08-16T01:02:00.064+03:00  INFO 24172 --- [    Test worker] com.zaxxer.hikari.HikariDataSource       : HikariPool-1 - Start completed.
2023-08-16T01:02:00.839+03:00  INFO 24172 --- [    Test worker] o.h.b.i.BytecodeProviderInitiator        : HHH000021: Bytecode provider name : bytebuddy
2023-08-16T01:02:02.088+03:00  INFO 24172 --- [    Test worker] o.h.e.t.j.p.i.JtaPlatformInitiator       : HHH000490: Using JtaPlatform implementation: [org.hibernate.engine.transaction.jta.platform.internal.NoJtaPlatform]
2023-08-16T01:02:02.285+03:00  INFO 24172 --- [    Test worker] j.LocalContainerEntityManagerFactoryBean : Initialized JPA EntityManagerFactory for persistence unit 'default'
2023-08-16T01:02:03.206+03:00  WARN 24172 --- [    Test worker] JpaBaseConfiguration$JpaWebConfiguration : spring.jpa.open-in-view is enabled by default. Therefore, database queries may be performed during view rendering. Explicitly configure spring.jpa.open-in-view to disable this warning
2023-08-16T01:02:03.823+03:00  INFO 24172 --- [    Test worker] MabayaOnlineSponsoredAdsApplicationTests : Started MabayaOnlineSponsoredAdsApplicationTests in 7.67 seconds (process running for 10.055)
]]></system-out>
  <system-err><![CDATA[]]></system-err>
</testsuite>
